  BezierCurve.cpp
  Camera.cpp
C:\Users\sarah\Documents\github\GrapProj_Space\proyectoGraf_Final\BezierCurve.cpp(16,24): warning C4244: '=': conversion from 'double' to 'float', possible loss of data
C:\Users\sarah\Documents\github\GrapProj_Space\proyectoGraf_Final\BezierCurve.cpp(26,58): warning C4244: '=': conversion from 'double' to 'float', possible loss of data
C:\Users\sarah\Documents\github\GrapProj_Space\proyectoGraf_Final\BezierCurve.cpp(27,45): warning C4244: '=': conversion from 'double' to 'float', possible loss of data
C:\Users\sarah\Documents\github\GrapProj_Space\proyectoGraf_Final\BezierCurve.cpp(56,13): warning C4305: '*=': truncation from 'double' to 'float'
C:\Users\sarah\Documents\github\GrapProj_Space\proyectoGraf_Final\BezierCurve.cpp(57,13): warning C4305: '*=': truncation from 'double' to 'float'
C:\Users\sarah\Documents\github\GrapProj_Space\proyectoGraf_Final\BezierCurve.cpp(77,102): warning C4244: '=': conversion from 'double' to 'float', possible loss of data
C:\Users\sarah\Documents\github\GrapProj_Space\proyectoGraf_Final\BezierCurve.cpp(78,102): warning C4244: '=': conversion from 'double' to 'float', possible loss of data
C:\Users\sarah\Documents\github\GrapProj_Space\proyectoGraf_Final\BezierCurve.cpp(79,102): warning C4244: '=': conversion from 'double' to 'float', possible loss of data
C:\Users\sarah\Documents\github\GrapProj_Space\proyectoGraf_Final\Camera.cpp(33,20): warning C4244: 'return': conversion from 'double' to 'float', possible loss of data
  Face.cpp
  LightManagement.cpp
  main.cpp
C:\Users\sarah\Documents\github\GrapProj_Space\proyectoGraf_Final\main.cpp(76,55): warning C4305: 'argument': truncation from 'double' to 'float'
C:\Users\sarah\Documents\github\GrapProj_Space\proyectoGraf_Final\main.cpp(144,46): warning C4305: '+=': truncation from 'double' to 'float'
C:\Users\sarah\Documents\github\GrapProj_Space\proyectoGraf_Final\main.cpp(145,46): warning C4305: '+=': truncation from 'double' to 'float'
C:\Users\sarah\Documents\github\GrapProj_Space\proyectoGraf_Final\main.cpp(146,46): warning C4305: '+=': truncation from 'double' to 'float'
C:\Users\sarah\Documents\github\GrapProj_Space\proyectoGraf_Final\main.cpp(314,40): warning C4305: 'argument': truncation from 'double' to 'float'
C:\Users\sarah\Documents\github\GrapProj_Space\proyectoGraf_Final\main.cpp(314,30): warning C4305: 'argument': truncation from 'double' to 'float'
C:\Users\sarah\Documents\github\GrapProj_Space\proyectoGraf_Final\main.cpp(322,42): warning C4305: 'argument': truncation from 'double' to 'float'
C:\Users\sarah\Documents\github\GrapProj_Space\proyectoGraf_Final\main.cpp(326,42): warning C4305: 'argument': truncation from 'double' to 'float'
C:\Users\sarah\Documents\github\GrapProj_Space\proyectoGraf_Final\main.cpp(330,42): warning C4305: 'argument': truncation from 'double' to 'float'
C:\Users\sarah\Documents\github\GrapProj_Space\proyectoGraf_Final\main.cpp(330,36): warning C4305: 'argument': truncation from 'double' to 'float'
C:\Users\sarah\Documents\github\GrapProj_Space\proyectoGraf_Final\main.cpp(330,30): warning C4305: 'argument': truncation from 'double' to 'float'
C:\Users\sarah\Documents\github\GrapProj_Space\proyectoGraf_Final\main.cpp(334,42): warning C4305: 'argument': truncation from 'double' to 'float'
C:\Users\sarah\Documents\github\GrapProj_Space\proyectoGraf_Final\main.cpp(334,36): warning C4305: 'argument': truncation from 'double' to 'float'
C:\Users\sarah\Documents\github\GrapProj_Space\proyectoGraf_Final\main.cpp(334,30): warning C4305: 'argument': truncation from 'double' to 'float'
C:\Users\sarah\Documents\github\GrapProj_Space\proyectoGraf_Final\main.cpp(338,44): warning C4305: 'argument': truncation from 'double' to 'float'
C:\Users\sarah\Documents\github\GrapProj_Space\proyectoGraf_Final\main.cpp(356,21): warning C4305: 'initializing': truncation from 'double' to 'float'
C:\Users\sarah\Documents\github\GrapProj_Space\proyectoGraf_Final\main.cpp(357,17): warning C4305: 'initializing': truncation from 'double' to 'float'
C:\Users\sarah\Documents\github\GrapProj_Space\proyectoGraf_Final\main.cpp(451,12): warning C4305: '+=': truncation from 'double' to 'float'
C:\Users\sarah\Documents\github\GrapProj_Space\proyectoGraf_Final\main.cpp(452,12): warning C4305: '+=': truncation from 'double' to 'float'
  MathUtils.cpp
  Matrix4x4.cpp
C:\Users\sarah\Documents\github\GrapProj_Space\proyectoGraf_Final\Matrix4x4.cpp(54,19): warning C4244: 'initializing': conversion from 'double' to 'float', possible loss of data
C:\Users\sarah\Documents\github\GrapProj_Space\proyectoGraf_Final\Matrix4x4.cpp(65,19): warning C4244: 'initializing': conversion from 'double' to 'float', possible loss of data
C:\Users\sarah\Documents\github\GrapProj_Space\proyectoGraf_Final\Matrix4x4.cpp(76,19): warning C4244: 'initializing': conversion from 'double' to 'float', possible loss of data
C:\Users\sarah\Documents\github\GrapProj_Space\proyectoGraf_Final\Matrix4x4.cpp(129,17): warning C4244: 'initializing': conversion from 'double' to 'float', possible loss of data
  Model.cpp
  Vertex.cpp
  Generating Code...
  LINK : C:\Users\sarah\Documents\github\GrapProj_Space\x64\Debug\proyectoGraf_Final.exe not found or not built by the last incremental link; performing full link
  proyectoGraf_Final.vcxproj -> C:\Users\sarah\Documents\github\GrapProj_Space\x64\Debug\proyectoGraf_Final.exe
